d:\dev\ez80emusdl\emu-library\x64\debug\emu-library.pdb
d:\dev\ez80emusdl\emu-library\x64\debug\emu-library.idb
d:\dev\ez80emusdl\emu-library\x64\debug\registers.obj
d:\dev\ez80emusdl\emu-library\x64\debug\realclock.obj
d:\dev\ez80emusdl\emu-library\x64\debug\port.obj
d:\dev\ez80emusdl\emu-library\x64\debug\os-win32.obj
d:\dev\ez80emusdl\emu-library\x64\debug\misc.obj
d:\dev\ez80emusdl\emu-library\x64\debug\mem.obj
d:\dev\ez80emusdl\emu-library\x64\debug\link.obj
d:\dev\ez80emusdl\emu-library\x64\debug\lcd.obj
d:\dev\ez80emusdl\emu-library\x64\debug\keypad.obj
d:\dev\ez80emusdl\emu-library\x64\debug\interrupt.obj
d:\dev\ez80emusdl\emu-library\x64\debug\flash.obj
d:\dev\ez80emusdl\emu-library\x64\debug\extras.obj
d:\dev\ez80emusdl\emu-library\x64\debug\emu.obj
d:\dev\ez80emusdl\emu-library\x64\debug\zdis.obj
d:\dev\ez80emusdl\emu-library\x64\debug\cpu.obj
d:\dev\ez80emusdl\emu-library\x64\debug\control.obj
d:\dev\ez80emusdl\emu-library\x64\debug\cert.obj
d:\dev\ez80emusdl\emu-library\x64\debug\bus.obj
d:\dev\ez80emusdl\emu-library\x64\debug\backlight.obj
d:\dev\ez80emusdl\emu-library\x64\debug\asic.obj
d:\dev\ez80emusdl\emu-library\x64\debug\vat.obj
d:\dev\ez80emusdl\emu-library\x64\debug\usb.obj
d:\dev\ez80emusdl\emu-library\x64\debug\dusb.obj
d:\dev\ez80emusdl\emu-library\x64\debug\disconnected.obj
d:\dev\ez80emusdl\emu-library\x64\debug\timers.obj
d:\dev\ez80emusdl\emu-library\x64\debug\spi.obj
d:\dev\ez80emusdl\emu-library\x64\debug\sha256.obj
d:\dev\ez80emusdl\emu-library\x64\debug\schedule.obj
d:\dev\ez80emusdl\emu-library\x64\debug\emu-library.lib
d:\dev\ez80emusdl\emu-library\x64\debug\emu-library.tlog\cl.command.1.tlog
d:\dev\ez80emusdl\emu-library\x64\debug\emu-library.tlog\cl.read.1.tlog
d:\dev\ez80emusdl\emu-library\x64\debug\emu-library.tlog\cl.write.1.tlog
d:\dev\ez80emusdl\emu-library\x64\debug\emu-library.tlog\lib-link.read.1.tlog
d:\dev\ez80emusdl\emu-library\x64\debug\emu-library.tlog\lib-link.write.1.tlog
d:\dev\ez80emusdl\emu-library\x64\debug\emu-library.tlog\lib.command.1.tlog
